Iteration 0/2
Training student with 200 points
Train accuracy: 1.0
Test accuracy: 0.975
Number of nodes: 11
Student reward: 0.27396453282415417
Iteration 1/2
Training student with 200 points
Train accuracy: 1.0
Test accuracy: 0.975
Number of nodes: 17
Student reward: 0.37398517676958576
Initial policy count: 2
Current policy count: 1
Reward update: 0.37398517676958576 -> 0.24027202282547744
Final reward: 0.45985413264545316
Number of nodes: 17
Iteration 0/2
Training student with 200 points
Train accuracy: 1.0
Test accuracy: 0.975
Number of nodes: 13
Student reward: 0.39632290443735607
Iteration 1/2
Training student with 200 points
Train accuracy: 1.0
Test accuracy: 0.975
Number of nodes: 13
Student reward: 0.2888294050604656
Initial policy count: 2
Current policy count: 1
Reward update: 0.39632290443735607 -> 0.20068514289721115
Final reward: 0.3787543682591286
Number of nodes: 13
Iteration 0/2
Training student with 200 points
Train accuracy: 1.0
Test accuracy: 0.975
Number of nodes: 9
Student reward: 0.5079124280519273
Iteration 1/2
Training student with 200 points
Train accuracy: 1.0
Test accuracy: 1.0
Number of nodes: 19
Student reward: 0.42201063361942276
Initial policy count: 2
Current policy count: 1
Reward update: 0.5079124280519273 -> 0.25377873601806306
Final reward: 0.34252156264546885
Number of nodes: 9
Iteration 0/2
Training student with 200 points
Train accuracy: 1.0
Test accuracy: 0.975
Number of nodes: 11
Student reward: 0.31490821795521734
Iteration 1/2
Training student with 200 points
Train accuracy: 1.0
Test accuracy: 0.95
Number of nodes: 15
Student reward: 0.2878690319518242
Initial policy count: 2
Current policy count: 1
Reward update: 0.31490821795521734 -> 0.22870478657990007
Final reward: 0.3579054613138995
Number of nodes: 11
Iteration 0/2
Training student with 200 points
Train accuracy: 1.0
Test accuracy: 0.975
Number of nodes: 17
Student reward: 0.33114972118593194
Iteration 1/2
Training student with 200 points
Train accuracy: 1.0
Test accuracy: 1.0
Number of nodes: 17
Student reward: 0.40704533211846106
Initial policy count: 2
Current policy count: 1
Reward update: 0.40704533211846106 -> 0.17741779861659104
Final reward: 0.40005591870367313
Number of nodes: 17
Iteration 0/2
Training student with 200 points
Train accuracy: 1.0
Test accuracy: 1.0
Number of nodes: 11
Student reward: 0.25681503989669985
Iteration 1/2
Training student with 200 points
Train accuracy: 1.0
Test accuracy: 1.0
Number of nodes: 13
Student reward: 0.3058372853339397
Initial policy count: 2
Current policy count: 1
Reward update: 0.3058372853339397 -> 0.26458352732477675
Final reward: 0.2703071705120086
Number of nodes: 13
Iteration 0/2
Training student with 200 points
Train accuracy: 1.0
Test accuracy: 0.975
Number of nodes: 15
Student reward: 0.27428446748142876
Iteration 1/2
Training student with 200 points
Train accuracy: 1.0
Test accuracy: 0.975
Number of nodes: 15
Student reward: 0.29288239291424295
Initial policy count: 2
Current policy count: 1
Reward update: 0.29288239291424295 -> 0.3978897687830266
Final reward: 0.21392110023334376
Number of nodes: 15
Iteration 0/2
Training student with 200 points
Train accuracy: 1.0
Test accuracy: 0.95
Number of nodes: 13
Student reward: 0.40362549171007683
Iteration 1/2
Training student with 200 points
Train accuracy: 1.0
Test accuracy: 1.0
Number of nodes: 19
Student reward: 0.415400522370764
Initial policy count: 2
Current policy count: 1
Reward update: 0.415400522370764 -> 0.29794516320654796
Final reward: 0.34352153439839783
Number of nodes: 19
Iteration 0/2
Training student with 200 points
Train accuracy: 1.0
Test accuracy: 0.95
Number of nodes: 15
Student reward: 0.316831900349053
Iteration 1/2
Training student with 200 points
Train accuracy: 1.0
Test accuracy: 0.975
Number of nodes: 11
Student reward: 0.34974933286032867
Initial policy count: 2
Current policy count: 1
Reward update: 0.34974933286032867 -> 0.3967116075878441
Final reward: 0.42620899526496714
Number of nodes: 11
Iteration 0/2
Training student with 200 points
Train accuracy: 1.0
Test accuracy: 1.0
Number of nodes: 15
Student reward: 0.3457699678490879
Iteration 1/2
Training student with 200 points
Train accuracy: 1.0
Test accuracy: 1.0
Number of nodes: 11
Student reward: 0.44651623776268656
Initial policy count: 2
Current policy count: 1
Reward update: 0.44651623776268656 -> 0.37122968110347343
Final reward: 0.2711268388527231
Number of nodes: 11
